Arguments:
Infection data: 	 data/data-4.txt
Neighbour counts:  data/neinum-4.txt
Neighbour indices: data/neibmat-4.txt
Outfile            out/cuIF2states-4.dat
Getting count data
xlen 51
ylen 10
Getting neighbour count data
Getting neighbour count data
Allocating device storage
	3.54233 s
	[66.8906 MB] used of [5.24945 GB]
Copying data to device
	4.3e-05 s
Initializing particles
	[66.8906 MB] used of [5.24945 GB]
Time: 1.02651 m
Rawtime: 61.590616
Writing results to file 'out/cuIF2states-4.dat' ...
