Arguments:
Infection data: 	 data/data-18.txt
Neighbour counts:  data/neinum-18.txt
Neighbour indices: data/neibmat-18.txt
Outfile            out/cuIF2states-18.dat
Getting count data
xlen 51
ylen 10
Getting neighbour count data
Getting neighbour count data
Allocating device storage
	3.54276 s
	[66.8906 MB] used of [5.24945 GB]
Copying data to device
	4.3e-05 s
Initializing particles
	[66.8906 MB] used of [5.24945 GB]
Time: 1.02523 m
Rawtime: 61.513525
Writing results to file 'out/cuIF2states-18.dat' ...
