Arguments:
Infection data: 	 data/data-14.txt
Neighbour counts:  data/neinum-14.txt
Neighbour indices: data/neibmat-14.txt
Outfile            out/cuIF2states-14.dat
Getting count data
xlen 51
ylen 10
Getting neighbour count data
Getting neighbour count data
Allocating device storage
	3.54244 s
	[66.8906 MB] used of [5.24945 GB]
Copying data to device
	4.5e-05 s
Initializing particles
	[66.8906 MB] used of [5.24945 GB]
Time: 1.02699 m
Rawtime: 61.619389
Writing results to file 'out/cuIF2states-14.dat' ...
