Arguments:
Infection data: 	 data/data-12.txt
Neighbour counts:  data/neinum-12.txt
Neighbour indices: data/neibmat-12.txt
Outfile            out/cuIF2states-12.dat
Getting count data
xlen 51
ylen 10
Getting neighbour count data
Getting neighbour count data
Allocating device storage
	3.54278 s
	[66.8906 MB] used of [5.24945 GB]
Copying data to device
	4.4e-05 s
Initializing particles
	[66.8906 MB] used of [5.24945 GB]
Time: 1.0265 m
Rawtime: 61.590094
Writing results to file 'out/cuIF2states-12.dat' ...
