Arguments:
Infection data: 	 data/data-7.txt
Neighbour counts:  data/neinum-7.txt
Neighbour indices: data/neibmat-7.txt
Outfile            out/cuIF2states-7.dat
Getting count data
xlen 51
ylen 10
Getting neighbour count data
Getting neighbour count data
Allocating device storage
	3.54295 s
	[66.8906 MB] used of [5.24945 GB]
Copying data to device
	4.4e-05 s
Initializing particles
	[66.8906 MB] used of [5.24945 GB]
Time: 1.02375 m
Rawtime: 61.425285
Writing results to file 'out/cuIF2states-7.dat' ...
