Arguments:
Infection data: 	 data/data-19.txt
Neighbour counts:  data/neinum-19.txt
Neighbour indices: data/neibmat-19.txt
Outfile            out/cuIF2states-19.dat
Getting count data
xlen 51
ylen 10
Getting neighbour count data
Getting neighbour count data
Allocating device storage
	3.54283 s
	[66.8906 MB] used of [5.24945 GB]
Copying data to device
	4.4e-05 s
Initializing particles
	[66.8906 MB] used of [5.24945 GB]
Time: 1.02477 m
Rawtime: 61.486291
Writing results to file 'out/cuIF2states-19.dat' ...
