[1] "1 thread-1.RData"
[1] "2 thread-10.RData"
[1] "3 thread-11.RData"
[1] "4 thread-12.RData"
[1] "5 thread-13.RData"
[1] "6 thread-14.RData"
[1] "7 thread-16.RData"
[1] "8 thread-17.RData"
[1] "9 thread-18.RData"
[1] "10 thread-19.RData"
[1] "11 thread-2.RData"
[1] "12 thread-20.RData"
[1] "13 thread-3.RData"
[1] "14 thread-4.RData"
[1] "15 thread-6.RData"
[1] "16 thread-7.RData"
[1] "17 thread-8.RData"
[1] "18 thread-9.RData"
[1] "if2meantime : 28952.8376111111"
[1] "hmcmeantime : 38840.3397222222"
[1] "smapmeantime : 248.942388888889"
[1] "if2fitmeantime : 573.698277777778"
[1] "hmcfitmeantime : 38818.5356111111"
[1] "cuIF2meantime : 61.5265977222222"
