Loading required package: iterators
Warning message:
package ‘ggplot2’ was built under R version 3.2.3 
Warning message:
package ‘Rcpp’ was built under R version 3.2.3 
Initializing particle states
Starting filter
---------------
Pass
...0 / 50
...1 / 50
...2 / 50
...3 / 50
...4 / 50
...5 / 50
...6 / 50
...7 / 50
...8 / 50
...9 / 50
...10 / 50
...11 / 50
...12 / 50
...13 / 50
...14 / 50
...15 / 50
...16 / 50
...17 / 50
...18 / 50
...19 / 50
...20 / 50
...21 / 50
...22 / 50
...23 / 50
...24 / 50
...25 / 50
...26 / 50
...27 / 50
...28 / 50
...29 / 50
...30 / 50
...31 / 50
...32 / 50
...33 / 50
...34 / 50
...35 / 50
...36 / 50
...37 / 50
...38 / 50
...39 / 50
...40 / 50
...41 / 50
...42 / 50
...43 / 50
...44 / 50
...45 / 50
...46 / 50
...47 / 50
...48 / 50
...49 / 50
Parameter results (mean | sd)
-----------------------------
R0        2.872549 0.102739
r         0.094969 0.000109
sigma     10.428585 2.898042
eta       0.625994 0.039565
berr    0.219957 0.007185
S_init  482.523644 2.544300
I_init    17.476356 2.544300
R_init    0.000000 0.000000

Initializing particle states
Starting filter
---------------
Pass
...0 / 50
...1 / 50
...2 / 50
...3 / 50
...4 / 50
...5 / 50
...6 / 50
...7 / 50
...8 / 50
...9 / 50
...10 / 50
...11 / 50
...12 / 50
...13 / 50
...14 / 50
...15 / 50
...16 / 50
...17 / 50
...18 / 50
...19 / 50
...20 / 50
...21 / 50
...22 / 50
...23 / 50
...24 / 50
...25 / 50
...26 / 50
...27 / 50
...28 / 50
...29 / 50
...30 / 50
...31 / 50
...32 / 50
...33 / 50
...34 / 50
...35 / 50
...36 / 50
...37 / 50
...38 / 50
...39 / 50
...40 / 50
...41 / 50
...42 / 50
...43 / 50
...44 / 50
...45 / 50
...46 / 50
...47 / 50
...48 / 50
...49 / 50
Parameter results (mean | sd)
-----------------------------
R0        2.236194 0.141606
r         0.091097 0.000104
sigma     6.744906 2.292657
eta       0.629499 0.003939
berr    0.706911 0.014814
S_init  480.295950 3.036497
I_init    19.704050 3.036497
R_init    0.000000 0.000000

Initializing particle states
Starting filter
---------------
Pass
...0 / 50
...1 / 50
...2 / 50
...3 / 50
...4 / 50
...5 / 50
...6 / 50
...7 / 50
...8 / 50
...9 / 50
...10 / 50
...11 / 50
...12 / 50
...13 / 50
...14 / 50
...15 / 50
...16 / 50
...17 / 50
...18 / 50
...19 / 50
...20 / 50
...21 / 50
...22 / 50
...23 / 50
...24 / 50
...25 / 50
...26 / 50
...27 / 50
...28 / 50
...29 / 50
...30 / 50
...31 / 50
...32 / 50
...33 / 50
...34 / 50
...35 / 50
...36 / 50
...37 / 50
...38 / 50
...39 / 50
...40 / 50
...41 / 50
...42 / 50
...43 / 50
...44 / 50
...45 / 50
...46 / 50
...47 / 50
...48 / 50
...49 / 50
Parameter results (mean | sd)
-----------------------------
R0        3.430282 0.146366
r         0.103042 0.000084
sigma     10.697626 2.747462
eta       0.781470 0.007337
berr    0.156733 0.009580
S_init  488.493299 2.816038
I_init    11.506701 2.816038
R_init    0.000000 0.000000

Initializing particle states
Starting filter
---------------
Pass
...0 / 50
...1 / 50
...2 / 50
...3 / 50
...4 / 50
...5 / 50
...6 / 50
...7 / 50
...8 / 50
...9 / 50
...10 / 50
...11 / 50
...12 / 50
...13 / 50
...14 / 50
...15 / 50
...16 / 50
...17 / 50
...18 / 50
...19 / 50
...20 / 50
...21 / 50
...22 / 50
...23 / 50
...24 / 50
...25 / 50
...26 / 50
...27 / 50
...28 / 50
...29 / 50
...30 / 50
...31 / 50
...32 / 50
...33 / 50
...34 / 50
...35 / 50
...36 / 50
...37 / 50
...38 / 50
...39 / 50
...40 / 50
...41 / 50
...42 / 50
...43 / 50
...44 / 50
...45 / 50
...46 / 50
...47 / 50
...48 / 50
...49 / 50
Parameter results (mean | sd)
-----------------------------
R0        3.397796 0.118251
r         0.102931 0.000083
sigma     12.177200 2.573622
eta       0.858663 0.012517
berr    0.086238 0.002969
S_init  488.796654 2.103181
I_init    11.203346 2.103181
R_init    0.000000 0.000000

Initializing particle states
Starting filter
---------------
Pass
...0 / 50
...1 / 50
...2 / 50
...3 / 50
...4 / 50
...5 / 50
...6 / 50
...7 / 50
...8 / 50
...9 / 50
...10 / 50
...11 / 50
...12 / 50
...13 / 50
...14 / 50
...15 / 50
...16 / 50
...17 / 50
...18 / 50
...19 / 50
...20 / 50
...21 / 50
...22 / 50
...23 / 50
...24 / 50
...25 / 50
...26 / 50
...27 / 50
...28 / 50
...29 / 50
...30 / 50
...31 / 50
...32 / 50
...33 / 50
...34 / 50
...35 / 50
...36 / 50
...37 / 50
...38 / 50
...39 / 50
...40 / 50
...41 / 50
...42 / 50
...43 / 50
...44 / 50
...45 / 50
...46 / 50
...47 / 50
...48 / 50
...49 / 50
Parameter results (mean | sd)
-----------------------------
R0        3.225531 0.093459
r         0.095102 0.000091
sigma     9.968762 3.091433
eta       0.647057 0.035768
berr    0.100461 0.005123
S_init  485.696503 3.942508
I_init    14.303497 3.942508
R_init    0.000000 0.000000

Initializing particle states
Starting filter
---------------
Pass
...0 / 50
...1 / 50
...2 / 50
...3 / 50
...4 / 50
...5 / 50
...6 / 50
...7 / 50
...8 / 50
...9 / 50
...10 / 50
...11 / 50
...12 / 50
...13 / 50
...14 / 50
...15 / 50
...16 / 50
...17 / 50
...18 / 50
...19 / 50
...20 / 50
...21 / 50
...22 / 50
...23 / 50
...24 / 50
...25 / 50
...26 / 50
...27 / 50
...28 / 50
...29 / 50
...30 / 50
...31 / 50
...32 / 50
...33 / 50
...34 / 50
...35 / 50
...36 / 50
...37 / 50
...38 / 50
...39 / 50
...40 / 50
...41 / 50
...42 / 50
...43 / 50
...44 / 50
...45 / 50
...46 / 50
...47 / 50
...48 / 50
...49 / 50
Parameter results (mean | sd)
-----------------------------
R0        3.213867 0.140231
r         0.098545 0.000067
sigma     6.139703 1.419125
eta       0.609669 0.005935
berr    0.393521 0.003525
S_init  490.482288 1.998600
I_init    9.517712 1.998600
R_init    0.000000 0.000000

Initializing particle states
Starting filter
---------------
Pass
...0 / 50
...1 / 50
...2 / 50
...3 / 50
...4 / 50
...5 / 50
...6 / 50
...7 / 50
...8 / 50
...9 / 50
...10 / 50
...11 / 50
...12 / 50
...13 / 50
...14 / 50
...15 / 50
...16 / 50
...17 / 50
...18 / 50
...19 / 50
...20 / 50
...21 / 50
...22 / 50
...23 / 50
...24 / 50
...25 / 50
...26 / 50
...27 / 50
...28 / 50
...29 / 50
...30 / 50
...31 / 50
...32 / 50
...33 / 50
...34 / 50
...35 / 50
...36 / 50
...37 / 50
...38 / 50
...39 / 50
...40 / 50
...41 / 50
...42 / 50
...43 / 50
...44 / 50
...45 / 50
...46 / 50
...47 / 50
...48 / 50
...49 / 50
Parameter results (mean | sd)
-----------------------------
R0        3.395269 0.084527
r         0.099655 0.000072
sigma     6.835245 1.683784
eta       0.808407 0.007582
berr    0.069036 0.003155
S_init  492.770923 1.003417
I_init    7.229077 1.003417
R_init    0.000000 0.000000

Initializing particle states
Starting filter
---------------
Pass
...0 / 50
...1 / 50
...2 / 50
...3 / 50
...4 / 50
...5 / 50
...6 / 50
...7 / 50
...8 / 50
...9 / 50
...10 / 50
...11 / 50
...12 / 50
...13 / 50
...14 / 50
...15 / 50
...16 / 50
...17 / 50
...18 / 50
...19 / 50
...20 / 50
...21 / 50
...22 / 50
...23 / 50
...24 / 50
...25 / 50
...26 / 50
...27 / 50
...28 / 50
...29 / 50
...30 / 50
...31 / 50
...32 / 50
...33 / 50
...34 / 50
...35 / 50
...36 / 50
...37 / 50
...38 / 50
...39 / 50
...40 / 50
...41 / 50
...42 / 50
...43 / 50
...44 / 50
...45 / 50
...46 / 50
...47 / 50
...48 / 50
...49 / 50
Parameter results (mean | sd)
-----------------------------
R0        3.370216 0.097516
r         0.099471 0.000074
sigma     6.874014 1.690928
eta       0.914290 0.002550
berr    0.071880 0.002673
S_init  494.041338 1.006599
I_init    5.958662 1.006599
R_init    0.000000 0.000000

Initializing particle states
Starting filter
---------------
Pass
...0 / 50
...1 / 50
...2 / 50
...3 / 50
...4 / 50
...5 / 50
...6 / 50
...7 / 50
...8 / 50
...9 / 50
...10 / 50
...11 / 50
...12 / 50
...13 / 50
...14 / 50
...15 / 50
...16 / 50
...17 / 50
...18 / 50
...19 / 50
...20 / 50
...21 / 50
...22 / 50
...23 / 50
...24 / 50
...25 / 50
...26 / 50
...27 / 50
...28 / 50
...29 / 50
...30 / 50
...31 / 50
...32 / 50
...33 / 50
...34 / 50
...35 / 50
...36 / 50
...37 / 50
...38 / 50
...39 / 50
...40 / 50
...41 / 50
...42 / 50
...43 / 50
...44 / 50
...45 / 50
...46 / 50
...47 / 50
...48 / 50
...49 / 50
Parameter results (mean | sd)
-----------------------------
R0        2.909281 0.191926
r         0.097292 0.000091
sigma     7.453196 2.405505
eta       0.763506 0.011480
berr    0.595773 0.010117
S_init  492.447392 1.966383
I_init    7.552608 1.966383
R_init    0.000000 0.000000

Initializing particle states
Starting filter
---------------
Pass
...0 / 50
...1 / 50
...2 / 50
...3 / 50
...4 / 50
...5 / 50
...6 / 50
...7 / 50
...8 / 50
...9 / 50
...10 / 50
...11 / 50
...12 / 50
...13 / 50
...14 / 50
...15 / 50
...16 / 50
...17 / 50
...18 / 50
...19 / 50
...20 / 50
...21 / 50
...22 / 50
...23 / 50
...24 / 50
...25 / 50
...26 / 50
...27 / 50
...28 / 50
...29 / 50
...30 / 50
...31 / 50
...32 / 50
...33 / 50
...34 / 50
...35 / 50
...36 / 50
...37 / 50
...38 / 50
...39 / 50
...40 / 50
...41 / 50
...42 / 50
...43 / 50
...44 / 50
...45 / 50
...46 / 50
...47 / 50
...48 / 50
...49 / 50
Parameter results (mean | sd)
-----------------------------
R0        3.899900 0.099305
r         0.101756 0.000078
sigma     9.813065 1.977911
eta       0.852067 0.006195
berr    0.098452 0.005730
S_init  496.782969 0.915247
I_init    3.217031 0.915247
R_init    0.000000 0.000000

Initializing particle states
Starting filter
---------------
Pass
...0 / 50
...1 / 50
...2 / 50
...3 / 50
...4 / 50
...5 / 50
...6 / 50
...7 / 50
...8 / 50
...9 / 50
...10 / 50
...11 / 50
...12 / 50
...13 / 50
...14 / 50
...15 / 50
...16 / 50
...17 / 50
...18 / 50
...19 / 50
...20 / 50
...21 / 50
...22 / 50
...23 / 50
...24 / 50
...25 / 50
...26 / 50
...27 / 50
...28 / 50
...29 / 50
...30 / 50
...31 / 50
...32 / 50
...33 / 50
...34 / 50
...35 / 50
...36 / 50
...37 / 50
...38 / 50
...39 / 50
...40 / 50
...41 / 50
...42 / 50
...43 / 50
...44 / 50
...45 / 50
...46 / 50
...47 / 50
...48 / 50
...49 / 50
Parameter results (mean | sd)
-----------------------------
R0        2.994352 0.250001
r         0.100243 0.000091
sigma     8.630207 2.960831
eta       0.577792 0.025382
berr    0.520947 0.036434
S_init  489.071591 5.586798
I_init    10.928409 5.586798
R_init    0.000000 0.000000

