\BOOKMARK [0][-]{chapter.1}{Introduction}{}% 1
\BOOKMARK [0][-]{chapter.2}{Hamiltonian MCMC}{}% 2
\BOOKMARK [1][-]{section.2.1}{Intro}{chapter.2}% 3
\BOOKMARK [1][-]{section.2.2}{Markov Chains}{chapter.2}% 4
\BOOKMARK [1][-]{section.2.3}{Likelihood}{chapter.2}% 5
\BOOKMARK [1][-]{section.2.4}{Prior distribution}{chapter.2}% 6
\BOOKMARK [1][-]{section.2.5}{Proposal distribution}{chapter.2}% 7
\BOOKMARK [1][-]{section.2.6}{Algorithm}{chapter.2}% 8
\BOOKMARK [1][-]{section.2.7}{Burn-in}{chapter.2}% 9
\BOOKMARK [1][-]{section.2.8}{Thinning}{chapter.2}% 10
\BOOKMARK [1][-]{section.2.9}{Hamiltonian Monte Carlo}{chapter.2}% 11
\BOOKMARK [1][-]{section.2.10}{Fitting}{chapter.2}% 12
\BOOKMARK [0][-]{chapter.3}{Iterated Filtering}{}% 13
\BOOKMARK [1][-]{section.3.1}{Intro}{chapter.3}% 14
\BOOKMARK [1][-]{section.3.2}{Formulation}{chapter.3}% 15
\BOOKMARK [1][-]{section.3.3}{Algorithm}{chapter.3}% 16
\BOOKMARK [1][-]{section.3.4}{Particle Collapse}{chapter.3}% 17
\BOOKMARK [1][-]{section.3.5}{Iterated Filtering and Data Cloning}{chapter.3}% 18
\BOOKMARK [1][-]{section.3.6}{IF2}{chapter.3}% 19
\BOOKMARK [1][-]{section.3.7}{Fitting}{chapter.3}% 20
\BOOKMARK [0][-]{chapter.4}{Parameter Fitting}{}% 21
\BOOKMARK [1][-]{section.4.1}{Fitting Setup}{chapter.4}% 22
\BOOKMARK [1][-]{section.4.2}{Calibrating Samples}{chapter.4}% 23
\BOOKMARK [1][-]{section.4.3}{IF2 Fitting}{chapter.4}% 24
\BOOKMARK [1][-]{section.4.4}{IF2 Convergence}{chapter.4}% 25
\BOOKMARK [1][-]{section.4.5}{IF2 Densities}{chapter.4}% 26
\BOOKMARK [1][-]{section.4.6}{HMCMC Fitting}{chapter.4}% 27
\BOOKMARK [1][-]{section.4.7}{HMCMC Densities}{chapter.4}% 28
\BOOKMARK [1][-]{section.4.8}{HMCMC and Bootstrapping}{chapter.4}% 29
\BOOKMARK [1][-]{section.4.9}{Multi-trajectory Parameter Estimation}{chapter.4}% 30
\BOOKMARK [0][-]{chapter.5}{Forecasting Frameworks}{}% 31
\BOOKMARK [1][-]{section.5.1}{Data Setup}{chapter.5}% 32
\BOOKMARK [1][-]{section.5.2}{IF2}{chapter.5}% 33
\BOOKMARK [2][-]{subsection.5.2.1}{Parametric Bootstrapping}{section.5.2}% 34
\BOOKMARK [2][-]{subsection.5.2.2}{IF2 Forecasts}{section.5.2}% 35
\BOOKMARK [1][-]{section.5.3}{HMCMC}{chapter.5}% 36
\BOOKMARK [1][-]{section.5.4}{Truncation vs. Error}{chapter.5}% 37
\BOOKMARK [0][-]{chapter.6}{S-map and SIRS}{}% 38
\BOOKMARK [1][-]{section.6.1}{S-maps}{chapter.6}% 39
\BOOKMARK [1][-]{section.6.2}{S-map Algorithm}{chapter.6}% 40
\BOOKMARK [1][-]{section.6.3}{SIRS Model}{chapter.6}% 41
\BOOKMARK [1][-]{section.6.4}{SIRS Model Forecasting}{chapter.6}% 42
\BOOKMARK [0][-]{chapter.7}{Spatial Epidemics}{}% 43
\BOOKMARK [1][-]{section.7.1}{Spatial SIR}{chapter.7}% 44
\BOOKMARK [1][-]{section.7.2}{Dewdrop Regression}{chapter.7}% 45
\BOOKMARK [1][-]{section.7.3}{Spatial Model Forecasting}{chapter.7}% 46
\BOOKMARK [0][-]{chapter.8}{Discussion and Future Directions}{}% 47
\BOOKMARK [1][-]{section.8.1}{Parallel and Distributed Computing}{chapter.8}% 48
\BOOKMARK [1][-]{section.8.2}{IF2 Forecasting Methodology}{chapter.8}% 49
\BOOKMARK [0][-]{appendix.A}{Hamiltonian MCMC}{}% 50
\BOOKMARK [1][-]{section.A.1}{Full R code}{appendix.A}% 51
\BOOKMARK [1][-]{section.A.2}{Full Stan code}{appendix.A}% 52
\BOOKMARK [0][-]{appendix.B}{Iterated Filtering}{}% 53
\BOOKMARK [1][-]{section.B.1}{Full R code}{appendix.B}% 54
\BOOKMARK [1][-]{section.B.2}{Full C++ code}{appendix.B}% 55
\BOOKMARK [0][-]{appendix.C}{Parameter Fitting}{}% 56
\BOOKMARK [0][-]{appendix.D}{Forecasting Frameworks}{}% 57
\BOOKMARK [1][-]{section.D.1}{IF2 Parametric Bootstrapping Function}{appendix.D}% 58
\BOOKMARK [1][-]{section.D.2}{RStan Forward Simulator}{appendix.D}% 59
\BOOKMARK [0][-]{appendix.E}{S-map and SIRS}{}% 60
\BOOKMARK [1][-]{section.E.1}{SIRS R Function Code}{appendix.E}% 61
\BOOKMARK [1][-]{section.E.2}{SMAP Code}{appendix.E}% 62
\BOOKMARK [1][-]{section.E.3}{SMAP Parameter Optimization Code}{appendix.E}% 63
\BOOKMARK [1][-]{section.E.4}{RStan SIRS Code}{appendix.E}% 64
\BOOKMARK [1][-]{section.E.5}{IF2 SIRS Code}{appendix.E}% 65
\BOOKMARK [0][-]{appendix.F}{Spatial Epidemics}{}% 66
\BOOKMARK [1][-]{section.F.1}{Spatial SIR R Function Code}{appendix.F}% 67
\BOOKMARK [1][-]{section.F.2}{RStan Spatial SIR Code}{appendix.F}% 68
\BOOKMARK [1][-]{section.F.3}{IF2 Spatial SIR Code}{appendix.F}% 69
\BOOKMARK [1][-]{section.F.4}{CUDA IF2 Spatial Fitting Code}{appendix.F}% 70
