rstan (Version 2.9.0-3, packaged: 2016-02-11 15:54:41 UTC, GitRev: 05c3d0058b6a)
For execution on a local, multicore CPU with excess RAM we recommend calling
rstan_options(auto_write = TRUE)
options(mc.cores = parallel::detectCores())
Warning message:
Removed 6 rows containing non-finite values (stat_density). 
[1] "mean : 0.000679889071840096"
[1] "sd : 0.000445829319077034"
[1] "mean(B) : 0.000692297266886299"
[1] "sd(B) : 0.000399320735826169"
Initializing particle states
Starting filter
---------------
Pass
...0 / 50
...1 / 50
...2 / 50
...3 / 50
...4 / 50
...5 / 50
...6 / 50
...7 / 50
...8 / 50
...9 / 50
...10 / 50
...11 / 50
...12 / 50
...13 / 50
...14 / 50
...15 / 50
...16 / 50
...17 / 50
...18 / 50
...19 / 50
...20 / 50
...21 / 50
...22 / 50
...23 / 50
...24 / 50
...25 / 50
...26 / 50
...27 / 50
...28 / 50
...29 / 50
...30 / 50
...31 / 50
...32 / 50
...33 / 50
...34 / 50
...35 / 50
...36 / 50
...37 / 50
...38 / 50
...39 / 50
...40 / 50
...41 / 50
...42 / 50
...43 / 50
...44 / 50
...45 / 50
...46 / 50
...47 / 50
...48 / 50
...49 / 50
Parameter results (mean | sd)
-----------------------------
R0        3.372431 0.274262
r         0.102781 0.000148
sigma     8.695207 1.738159
eta       0.436208 0.005847
berr    0.139176 0.006667
S_init  493.429987 2.815913
I_init    6.570013 2.815913
R_init    0.000000 0.000000


Execution halted
